mode: set
github.com/darulfh/skuy_pay_be/usecase/bank/bank_usecase.go:23.76,27.2 1 1
github.com/darulfh/skuy_pay_be/usecase/bank/bank_usecase.go:29.84,32.16 2 1
github.com/darulfh/skuy_pay_be/usecase/bank/bank_usecase.go:32.16,34.3 1 1
github.com/darulfh/skuy_pay_be/usecase/bank/bank_usecase.go:35.2,35.18 1 1
github.com/darulfh/skuy_pay_be/usecase/bank/bank_usecase.go:39.83,41.16 2 1
github.com/darulfh/skuy_pay_be/usecase/bank/bank_usecase.go:41.16,43.3 1 1
github.com/darulfh/skuy_pay_be/usecase/bank/bank_usecase.go:44.2,44.19 1 1
github.com/darulfh/skuy_pay_be/usecase/bank/bank_usecase.go:47.79,50.16 2 1
github.com/darulfh/skuy_pay_be/usecase/bank/bank_usecase.go:50.16,52.3 1 1
github.com/darulfh/skuy_pay_be/usecase/bank/bank_usecase.go:54.2,54.18 1 1
github.com/darulfh/skuy_pay_be/usecase/bank/bank_usecase.go:58.103,60.16 2 1
github.com/darulfh/skuy_pay_be/usecase/bank/bank_usecase.go:60.16,62.3 1 1
github.com/darulfh/skuy_pay_be/usecase/bank/bank_usecase.go:64.2,70.16 6 1
github.com/darulfh/skuy_pay_be/usecase/bank/bank_usecase.go:70.16,72.3 1 0
github.com/darulfh/skuy_pay_be/usecase/bank/bank_usecase.go:74.2,74.25 1 1
github.com/darulfh/skuy_pay_be/usecase/bank/bank_usecase.go:77.67,79.16 2 1
github.com/darulfh/skuy_pay_be/usecase/bank/bank_usecase.go:79.16,81.3 1 1
github.com/darulfh/skuy_pay_be/usecase/bank/bank_usecase.go:82.2,82.12 1 1
github.com/darulfh/skuy_pay_be/usecase/transaction/transaction_usecase.go:29.104,33.2 1 1
github.com/darulfh/skuy_pay_be/usecase/transaction/transaction_usecase.go:35.104,37.16 2 1
github.com/darulfh/skuy_pay_be/usecase/transaction/transaction_usecase.go:37.16,39.3 1 1
github.com/darulfh/skuy_pay_be/usecase/transaction/transaction_usecase.go:41.2,41.26 1 1
github.com/darulfh/skuy_pay_be/usecase/transaction/transaction_usecase.go:43.96,45.16 2 1
github.com/darulfh/skuy_pay_be/usecase/transaction/transaction_usecase.go:45.16,47.3 1 1
github.com/darulfh/skuy_pay_be/usecase/transaction/transaction_usecase.go:49.2,49.26 1 1
github.com/darulfh/skuy_pay_be/usecase/transaction/transaction_usecase.go:52.136,54.16 2 1
github.com/darulfh/skuy_pay_be/usecase/transaction/transaction_usecase.go:54.16,56.3 1 1
github.com/darulfh/skuy_pay_be/usecase/transaction/transaction_usecase.go:58.2,58.26 1 1
github.com/darulfh/skuy_pay_be/usecase/transaction/transaction_usecase.go:61.135,64.16 3 1
github.com/darulfh/skuy_pay_be/usecase/transaction/transaction_usecase.go:64.16,66.3 1 1
github.com/darulfh/skuy_pay_be/usecase/transaction/transaction_usecase.go:68.2,68.26 1 1
github.com/darulfh/skuy_pay_be/usecase/transaction/transaction_usecase.go:70.119,73.16 3 1
github.com/darulfh/skuy_pay_be/usecase/transaction/transaction_usecase.go:73.16,75.3 1 1
github.com/darulfh/skuy_pay_be/usecase/transaction/transaction_usecase.go:77.2,77.26 1 1
github.com/darulfh/skuy_pay_be/usecase/transaction/transaction_usecase.go:80.133,84.16 4 1
github.com/darulfh/skuy_pay_be/usecase/transaction/transaction_usecase.go:84.16,86.3 1 1
github.com/darulfh/skuy_pay_be/usecase/transaction/transaction_usecase.go:88.2,88.26 1 1
github.com/darulfh/skuy_pay_be/usecase/transaction/transaction_usecase.go:91.104,93.16 2 1
github.com/darulfh/skuy_pay_be/usecase/transaction/transaction_usecase.go:93.16,95.3 1 1
github.com/darulfh/skuy_pay_be/usecase/transaction/transaction_usecase.go:97.2,99.43 2 1
github.com/darulfh/skuy_pay_be/usecase/transaction/transaction_usecase.go:99.43,104.3 3 1
github.com/darulfh/skuy_pay_be/usecase/transaction/transaction_usecase.go:106.2,108.58 2 1
github.com/darulfh/skuy_pay_be/usecase/transaction/transaction_usecase.go:108.58,115.3 2 1
github.com/darulfh/skuy_pay_be/usecase/transaction/transaction_usecase.go:117.2,117.18 1 1
github.com/darulfh/skuy_pay_be/usecase/transaction/transaction_usecase.go:120.106,126.61 4 1
github.com/darulfh/skuy_pay_be/usecase/transaction/transaction_usecase.go:126.61,128.17 2 1
github.com/darulfh/skuy_pay_be/usecase/transaction/transaction_usecase.go:128.17,130.4 1 1
github.com/darulfh/skuy_pay_be/usecase/transaction/transaction_usecase.go:132.3,134.44 2 0
github.com/darulfh/skuy_pay_be/usecase/transaction/transaction_usecase.go:134.44,136.4 1 0
github.com/darulfh/skuy_pay_be/usecase/transaction/transaction_usecase.go:138.3,138.42 1 0
github.com/darulfh/skuy_pay_be/usecase/transaction/transaction_usecase.go:141.2,143.53 2 0
github.com/darulfh/skuy_pay_be/usecase/transaction/transaction_usecase.go:143.53,151.3 2 0
github.com/darulfh/skuy_pay_be/usecase/transaction/transaction_usecase.go:153.2,153.39 1 0
github.com/darulfh/skuy_pay_be/usecase/transaction/transaction_usecase.go:153.39,155.3 1 0
github.com/darulfh/skuy_pay_be/usecase/transaction/transaction_usecase.go:157.2,157.18 1 0
github.com/darulfh/skuy_pay_be/usecase/discount/discount_usecase.go:24.92,26.2 1 1
github.com/darulfh/skuy_pay_be/usecase/discount/discount_usecase.go:28.100,31.16 2 1
github.com/darulfh/skuy_pay_be/usecase/discount/discount_usecase.go:31.16,33.3 1 1
github.com/darulfh/skuy_pay_be/usecase/discount/discount_usecase.go:34.2,34.22 1 1
github.com/darulfh/skuy_pay_be/usecase/discount/discount_usecase.go:38.94,41.16 2 1
github.com/darulfh/skuy_pay_be/usecase/discount/discount_usecase.go:41.16,43.3 1 1
github.com/darulfh/skuy_pay_be/usecase/discount/discount_usecase.go:45.2,45.22 1 1
github.com/darulfh/skuy_pay_be/usecase/discount/discount_usecase.go:48.95,51.16 2 1
github.com/darulfh/skuy_pay_be/usecase/discount/discount_usecase.go:51.16,53.3 1 1
github.com/darulfh/skuy_pay_be/usecase/discount/discount_usecase.go:55.2,55.22 1 1
github.com/darulfh/skuy_pay_be/usecase/discount/discount_usecase.go:59.99,62.16 2 1
github.com/darulfh/skuy_pay_be/usecase/discount/discount_usecase.go:62.16,64.3 1 1
github.com/darulfh/skuy_pay_be/usecase/discount/discount_usecase.go:66.2,66.22 1 1
github.com/darulfh/skuy_pay_be/usecase/discount/discount_usecase.go:70.123,72.16 2 1
github.com/darulfh/skuy_pay_be/usecase/discount/discount_usecase.go:72.16,74.3 1 1
github.com/darulfh/skuy_pay_be/usecase/discount/discount_usecase.go:76.2,82.16 6 1
github.com/darulfh/skuy_pay_be/usecase/discount/discount_usecase.go:82.16,84.3 1 1
github.com/darulfh/skuy_pay_be/usecase/discount/discount_usecase.go:86.2,86.28 1 1
github.com/darulfh/skuy_pay_be/usecase/discount/discount_usecase.go:89.75,91.16 2 1
github.com/darulfh/skuy_pay_be/usecase/discount/discount_usecase.go:91.16,93.3 1 1
github.com/darulfh/skuy_pay_be/usecase/discount/discount_usecase.go:94.2,94.12 1 1
github.com/darulfh/skuy_pay_be/usecase/pulsa_paket_data/pulsa_paket_data_usescase.go:30.253,37.2 1 1
github.com/darulfh/skuy_pay_be/usecase/pulsa_paket_data/pulsa_paket_data_usescase.go:39.108,42.16 2 1
github.com/darulfh/skuy_pay_be/usecase/pulsa_paket_data/pulsa_paket_data_usescase.go:42.16,44.3 1 1
github.com/darulfh/skuy_pay_be/usecase/pulsa_paket_data/pulsa_paket_data_usescase.go:46.2,57.22 2 1
github.com/darulfh/skuy_pay_be/usecase/pulsa_paket_data/pulsa_paket_data_usescase.go:60.116,62.19 2 1
github.com/darulfh/skuy_pay_be/usecase/pulsa_paket_data/pulsa_paket_data_usescase.go:62.19,64.44 2 1
github.com/darulfh/skuy_pay_be/usecase/pulsa_paket_data/pulsa_paket_data_usescase.go:64.44,66.4 1 1
github.com/darulfh/skuy_pay_be/usecase/pulsa_paket_data/pulsa_paket_data_usescase.go:69.2,69.20 1 1
github.com/darulfh/skuy_pay_be/usecase/pulsa_paket_data/pulsa_paket_data_usescase.go:69.20,71.3 1 1
github.com/darulfh/skuy_pay_be/usecase/pulsa_paket_data/pulsa_paket_data_usescase.go:73.2,75.16 2 1
github.com/darulfh/skuy_pay_be/usecase/pulsa_paket_data/pulsa_paket_data_usescase.go:75.16,77.3 1 1
github.com/darulfh/skuy_pay_be/usecase/pulsa_paket_data/pulsa_paket_data_usescase.go:78.2,80.24 2 1
github.com/darulfh/skuy_pay_be/usecase/pulsa_paket_data/pulsa_paket_data_usescase.go:80.24,91.3 1 1
github.com/darulfh/skuy_pay_be/usecase/pulsa_paket_data/pulsa_paket_data_usescase.go:93.2,93.22 1 1
github.com/darulfh/skuy_pay_be/usecase/pulsa_paket_data/pulsa_paket_data_usescase.go:96.93,98.16 2 1
github.com/darulfh/skuy_pay_be/usecase/pulsa_paket_data/pulsa_paket_data_usescase.go:98.16,100.3 1 1
github.com/darulfh/skuy_pay_be/usecase/pulsa_paket_data/pulsa_paket_data_usescase.go:102.2,113.22 2 1
github.com/darulfh/skuy_pay_be/usecase/pulsa_paket_data/pulsa_paket_data_usescase.go:117.114,118.66 1 1
github.com/darulfh/skuy_pay_be/usecase/pulsa_paket_data/pulsa_paket_data_usescase.go:118.66,120.3 1 1
github.com/darulfh/skuy_pay_be/usecase/pulsa_paket_data/pulsa_paket_data_usescase.go:122.2,123.16 2 1
github.com/darulfh/skuy_pay_be/usecase/pulsa_paket_data/pulsa_paket_data_usescase.go:123.16,125.3 1 1
github.com/darulfh/skuy_pay_be/usecase/pulsa_paket_data/pulsa_paket_data_usescase.go:126.2,126.17 1 1
github.com/darulfh/skuy_pay_be/usecase/pulsa_paket_data/pulsa_paket_data_usescase.go:129.66,130.60 1 1
github.com/darulfh/skuy_pay_be/usecase/pulsa_paket_data/pulsa_paket_data_usescase.go:130.60,132.3 1 1
github.com/darulfh/skuy_pay_be/usecase/pulsa_paket_data/pulsa_paket_data_usescase.go:134.2,134.12 1 1
github.com/darulfh/skuy_pay_be/usecase/pulsa_paket_data/pulsa_paket_data_usescase.go:137.129,139.16 2 0
github.com/darulfh/skuy_pay_be/usecase/pulsa_paket_data/pulsa_paket_data_usescase.go:139.16,141.3 1 0
github.com/darulfh/skuy_pay_be/usecase/pulsa_paket_data/pulsa_paket_data_usescase.go:143.2,169.16 5 0
github.com/darulfh/skuy_pay_be/usecase/pulsa_paket_data/pulsa_paket_data_usescase.go:169.16,171.3 1 0
github.com/darulfh/skuy_pay_be/usecase/pulsa_paket_data/pulsa_paket_data_usescase.go:173.2,173.42 1 0
github.com/darulfh/skuy_pay_be/usecase/pulsa_paket_data/pulsa_paket_data_usescase.go:173.42,175.3 1 0
github.com/darulfh/skuy_pay_be/usecase/pulsa_paket_data/pulsa_paket_data_usescase.go:177.2,179.16 2 0
github.com/darulfh/skuy_pay_be/usecase/pulsa_paket_data/pulsa_paket_data_usescase.go:179.16,181.3 1 0
github.com/darulfh/skuy_pay_be/usecase/pulsa_paket_data/pulsa_paket_data_usescase.go:183.2,186.16 3 0
github.com/darulfh/skuy_pay_be/usecase/pulsa_paket_data/pulsa_paket_data_usescase.go:186.16,188.3 1 0
github.com/darulfh/skuy_pay_be/usecase/pulsa_paket_data/pulsa_paket_data_usescase.go:190.2,205.16 3 0
github.com/darulfh/skuy_pay_be/usecase/pulsa_paket_data/pulsa_paket_data_usescase.go:208.46,209.20 1 1
github.com/darulfh/skuy_pay_be/usecase/pulsa_paket_data/pulsa_paket_data_usescase.go:209.20,211.3 1 1
github.com/darulfh/skuy_pay_be/usecase/pulsa_paket_data/pulsa_paket_data_usescase.go:212.2,213.22 2 1
github.com/darulfh/skuy_pay_be/usecase/pulsa_paket_data/pulsa_paket_data_usescase.go:214.14,215.14 1 1
github.com/darulfh/skuy_pay_be/usecase/pulsa_paket_data/pulsa_paket_data_usescase.go:216.14,217.14 1 1
github.com/darulfh/skuy_pay_be/usecase/pulsa_paket_data/pulsa_paket_data_usescase.go:218.14,219.14 1 1
github.com/darulfh/skuy_pay_be/usecase/pulsa_paket_data/pulsa_paket_data_usescase.go:220.14,221.14 1 1
github.com/darulfh/skuy_pay_be/usecase/pulsa_paket_data/pulsa_paket_data_usescase.go:222.14,223.16 1 1
github.com/darulfh/skuy_pay_be/usecase/pulsa_paket_data/pulsa_paket_data_usescase.go:224.14,225.21 1 1
github.com/darulfh/skuy_pay_be/usecase/pulsa_paket_data/pulsa_paket_data_usescase.go:226.14,227.21 1 1
github.com/darulfh/skuy_pay_be/usecase/pulsa_paket_data/pulsa_paket_data_usescase.go:228.14,229.21 1 1
github.com/darulfh/skuy_pay_be/usecase/pulsa_paket_data/pulsa_paket_data_usescase.go:230.14,231.21 1 1
github.com/darulfh/skuy_pay_be/usecase/pulsa_paket_data/pulsa_paket_data_usescase.go:232.14,233.19 1 1
github.com/darulfh/skuy_pay_be/usecase/pulsa_paket_data/pulsa_paket_data_usescase.go:234.14,235.19 1 1
github.com/darulfh/skuy_pay_be/usecase/pulsa_paket_data/pulsa_paket_data_usescase.go:236.14,237.19 1 1
github.com/darulfh/skuy_pay_be/usecase/pulsa_paket_data/pulsa_paket_data_usescase.go:238.14,239.19 1 1
github.com/darulfh/skuy_pay_be/usecase/pulsa_paket_data/pulsa_paket_data_usescase.go:240.14,241.19 1 1
github.com/darulfh/skuy_pay_be/usecase/pulsa_paket_data/pulsa_paket_data_usescase.go:242.14,243.19 1 1
github.com/darulfh/skuy_pay_be/usecase/pulsa_paket_data/pulsa_paket_data_usescase.go:244.14,245.19 1 1
github.com/darulfh/skuy_pay_be/usecase/pulsa_paket_data/pulsa_paket_data_usescase.go:246.14,247.14 1 1
github.com/darulfh/skuy_pay_be/usecase/pulsa_paket_data/pulsa_paket_data_usescase.go:248.14,249.14 1 1
github.com/darulfh/skuy_pay_be/usecase/pulsa_paket_data/pulsa_paket_data_usescase.go:250.14,251.14 1 1
github.com/darulfh/skuy_pay_be/usecase/pulsa_paket_data/pulsa_paket_data_usescase.go:252.14,253.14 1 1
github.com/darulfh/skuy_pay_be/usecase/pulsa_paket_data/pulsa_paket_data_usescase.go:254.14,255.14 1 1
github.com/darulfh/skuy_pay_be/usecase/pulsa_paket_data/pulsa_paket_data_usescase.go:256.14,257.16 1 1
github.com/darulfh/skuy_pay_be/usecase/pulsa_paket_data/pulsa_paket_data_usescase.go:258.14,259.16 1 1
github.com/darulfh/skuy_pay_be/usecase/pulsa_paket_data/pulsa_paket_data_usescase.go:260.14,261.16 1 1
github.com/darulfh/skuy_pay_be/usecase/pulsa_paket_data/pulsa_paket_data_usescase.go:262.14,263.16 1 1
github.com/darulfh/skuy_pay_be/usecase/pulsa_paket_data/pulsa_paket_data_usescase.go:264.14,265.17 1 1
github.com/darulfh/skuy_pay_be/usecase/pulsa_paket_data/pulsa_paket_data_usescase.go:266.14,267.17 1 1
github.com/darulfh/skuy_pay_be/usecase/pulsa_paket_data/pulsa_paket_data_usescase.go:268.14,269.17 1 1
github.com/darulfh/skuy_pay_be/usecase/pulsa_paket_data/pulsa_paket_data_usescase.go:270.14,271.17 1 1
github.com/darulfh/skuy_pay_be/usecase/pulsa_paket_data/pulsa_paket_data_usescase.go:272.14,273.17 1 1
github.com/darulfh/skuy_pay_be/usecase/pulsa_paket_data/pulsa_paket_data_usescase.go:274.14,275.20 1 1
github.com/darulfh/skuy_pay_be/usecase/pulsa_paket_data/pulsa_paket_data_usescase.go:276.14,277.20 1 1
github.com/darulfh/skuy_pay_be/usecase/pulsa_paket_data/pulsa_paket_data_usescase.go:278.14,279.20 1 1
github.com/darulfh/skuy_pay_be/usecase/pulsa_paket_data/pulsa_paket_data_usescase.go:280.14,281.20 1 1
github.com/darulfh/skuy_pay_be/usecase/pulsa_paket_data/pulsa_paket_data_usescase.go:282.14,283.20 1 1
github.com/darulfh/skuy_pay_be/usecase/pulsa_paket_data/pulsa_paket_data_usescase.go:284.14,285.20 1 1
github.com/darulfh/skuy_pay_be/usecase/pulsa_paket_data/pulsa_paket_data_usescase.go:286.14,287.20 1 1
github.com/darulfh/skuy_pay_be/usecase/pulsa_paket_data/pulsa_paket_data_usescase.go:288.14,289.20 1 1
github.com/darulfh/skuy_pay_be/usecase/pulsa_paket_data/pulsa_paket_data_usescase.go:290.14,291.20 1 1
github.com/darulfh/skuy_pay_be/usecase/pulsa_paket_data/pulsa_paket_data_usescase.go:293.2,293.11 1 1
github.com/darulfh/skuy_pay_be/usecase/Insurance/insurance_usecase.go:35.300,37.2 1 1
github.com/darulfh/skuy_pay_be/usecase/Insurance/insurance_usecase.go:39.104,42.16 2 1
github.com/darulfh/skuy_pay_be/usecase/Insurance/insurance_usecase.go:42.16,44.3 1 1
github.com/darulfh/skuy_pay_be/usecase/Insurance/insurance_usecase.go:45.2,45.23 1 1
github.com/darulfh/skuy_pay_be/usecase/Insurance/insurance_usecase.go:49.97,52.16 2 1
github.com/darulfh/skuy_pay_be/usecase/Insurance/insurance_usecase.go:52.16,54.3 1 1
github.com/darulfh/skuy_pay_be/usecase/Insurance/insurance_usecase.go:56.2,56.23 1 1
github.com/darulfh/skuy_pay_be/usecase/Insurance/insurance_usecase.go:59.99,62.16 2 1
github.com/darulfh/skuy_pay_be/usecase/Insurance/insurance_usecase.go:62.16,64.3 1 1
github.com/darulfh/skuy_pay_be/usecase/Insurance/insurance_usecase.go:66.2,66.23 1 1
github.com/darulfh/skuy_pay_be/usecase/Insurance/insurance_usecase.go:70.128,72.16 2 1
github.com/darulfh/skuy_pay_be/usecase/Insurance/insurance_usecase.go:72.16,74.3 1 1
github.com/darulfh/skuy_pay_be/usecase/Insurance/insurance_usecase.go:76.2,81.16 5 1
github.com/darulfh/skuy_pay_be/usecase/Insurance/insurance_usecase.go:81.16,83.3 1 1
github.com/darulfh/skuy_pay_be/usecase/Insurance/insurance_usecase.go:85.2,85.30 1 1
github.com/darulfh/skuy_pay_be/usecase/Insurance/insurance_usecase.go:88.77,90.16 2 1
github.com/darulfh/skuy_pay_be/usecase/Insurance/insurance_usecase.go:90.16,92.3 1 1
github.com/darulfh/skuy_pay_be/usecase/Insurance/insurance_usecase.go:93.2,93.12 1 1
github.com/darulfh/skuy_pay_be/usecase/Insurance/insurance_usecase.go:96.128,99.22 2 0
github.com/darulfh/skuy_pay_be/usecase/Insurance/insurance_usecase.go:99.22,101.3 1 0
github.com/darulfh/skuy_pay_be/usecase/Insurance/insurance_usecase.go:103.2,114.16 9 0
github.com/darulfh/skuy_pay_be/usecase/Insurance/insurance_usecase.go:114.16,116.3 1 0
github.com/darulfh/skuy_pay_be/usecase/Insurance/insurance_usecase.go:118.2,123.16 2 0
github.com/darulfh/skuy_pay_be/usecase/Insurance/insurance_usecase.go:123.16,124.53 1 0
github.com/darulfh/skuy_pay_be/usecase/Insurance/insurance_usecase.go:124.53,126.4 1 0
github.com/darulfh/skuy_pay_be/usecase/Insurance/insurance_usecase.go:127.3,127.26 1 0
github.com/darulfh/skuy_pay_be/usecase/Insurance/insurance_usecase.go:127.26,129.4 1 0
github.com/darulfh/skuy_pay_be/usecase/Insurance/insurance_usecase.go:132.2,133.16 2 0
github.com/darulfh/skuy_pay_be/usecase/Insurance/insurance_usecase.go:133.16,135.3 1 0
github.com/darulfh/skuy_pay_be/usecase/Insurance/insurance_usecase.go:137.2,138.16 2 0
github.com/darulfh/skuy_pay_be/usecase/Insurance/insurance_usecase.go:138.16,140.3 1 0
github.com/darulfh/skuy_pay_be/usecase/Insurance/insurance_usecase.go:142.2,173.16 8 0
github.com/darulfh/skuy_pay_be/usecase/Insurance/insurance_usecase.go:173.16,175.3 1 0
github.com/darulfh/skuy_pay_be/usecase/Insurance/insurance_usecase.go:176.2,176.25 1 0
github.com/darulfh/skuy_pay_be/usecase/Insurance/insurance_usecase.go:179.124,182.16 2 0
github.com/darulfh/skuy_pay_be/usecase/Insurance/insurance_usecase.go:182.16,184.3 1 0
github.com/darulfh/skuy_pay_be/usecase/Insurance/insurance_usecase.go:184.8,184.58 1 0
github.com/darulfh/skuy_pay_be/usecase/Insurance/insurance_usecase.go:184.58,186.3 1 0
github.com/darulfh/skuy_pay_be/usecase/Insurance/insurance_usecase.go:188.2,189.16 2 0
github.com/darulfh/skuy_pay_be/usecase/Insurance/insurance_usecase.go:189.16,191.3 1 0
github.com/darulfh/skuy_pay_be/usecase/Insurance/insurance_usecase.go:193.2,193.42 1 0
github.com/darulfh/skuy_pay_be/usecase/Insurance/insurance_usecase.go:193.42,200.17 3 0
github.com/darulfh/skuy_pay_be/usecase/Insurance/insurance_usecase.go:200.17,202.4 1 0
github.com/darulfh/skuy_pay_be/usecase/Insurance/insurance_usecase.go:204.3,204.55 1 0
github.com/darulfh/skuy_pay_be/usecase/Insurance/insurance_usecase.go:207.2,210.16 3 0
github.com/darulfh/skuy_pay_be/usecase/Insurance/insurance_usecase.go:210.16,212.3 1 0
github.com/darulfh/skuy_pay_be/usecase/Insurance/insurance_usecase.go:214.2,215.16 2 0
github.com/darulfh/skuy_pay_be/usecase/Insurance/insurance_usecase.go:215.16,217.3 1 0
github.com/darulfh/skuy_pay_be/usecase/Insurance/insurance_usecase.go:219.2,221.16 3 0
github.com/darulfh/skuy_pay_be/usecase/Insurance/insurance_usecase.go:221.16,223.3 1 0
github.com/darulfh/skuy_pay_be/usecase/Insurance/insurance_usecase.go:225.2,232.16 3 0
github.com/darulfh/skuy_pay_be/usecase/Insurance/insurance_usecase.go:232.16,234.3 1 0
github.com/darulfh/skuy_pay_be/usecase/Insurance/insurance_usecase.go:236.2,266.29 4 0
github.com/darulfh/skuy_pay_be/usecase/Insurance/insurance_usecase.go:269.120,272.16 2 0
github.com/darulfh/skuy_pay_be/usecase/Insurance/insurance_usecase.go:272.16,274.3 1 0
github.com/darulfh/skuy_pay_be/usecase/Insurance/insurance_usecase.go:276.2,276.23 1 0
github.com/darulfh/skuy_pay_be/usecase/Insurance/insurance_usecase.go:279.42,284.30 4 1
github.com/darulfh/skuy_pay_be/usecase/Insurance/insurance_usecase.go:284.30,286.3 1 1
github.com/darulfh/skuy_pay_be/usecase/Insurance/insurance_usecase.go:288.2,288.25 1 1
github.com/darulfh/skuy_pay_be/usecase/Insurance/insurance_usecase.go:291.32,295.2 3 1
github.com/darulfh/skuy_pay_be/usecase/Insurance/insurance_usecase.go:297.48,301.2 3 1
github.com/darulfh/skuy_pay_be/usecase/Insurance/insurance_usecase.go:303.84,313.15 3 1
github.com/darulfh/skuy_pay_be/usecase/Insurance/insurance_usecase.go:314.9,315.38 1 1
github.com/darulfh/skuy_pay_be/usecase/Insurance/insurance_usecase.go:316.9,317.38 1 1
github.com/darulfh/skuy_pay_be/usecase/Insurance/insurance_usecase.go:318.9,319.38 1 1
github.com/darulfh/skuy_pay_be/usecase/Insurance/insurance_usecase.go:322.2,324.16 2 1
github.com/darulfh/skuy_pay_be/usecase/Insurance/insurance_usecase.go:324.16,326.3 1 1
github.com/darulfh/skuy_pay_be/usecase/Insurance/insurance_usecase.go:328.2,328.19 1 1
github.com/darulfh/skuy_pay_be/usecase/auth/user_auth_usecase.go:24.76,26.2 1 1
github.com/darulfh/skuy_pay_be/usecase/auth/user_auth_usecase.go:28.88,38.47 2 1
github.com/darulfh/skuy_pay_be/usecase/auth/user_auth_usecase.go:38.47,40.3 1 1
github.com/darulfh/skuy_pay_be/usecase/auth/user_auth_usecase.go:42.2,53.16 4 0
github.com/darulfh/skuy_pay_be/usecase/auth/user_auth_usecase.go:53.16,55.3 1 0
github.com/darulfh/skuy_pay_be/usecase/auth/user_auth_usecase.go:57.2,58.16 2 0
github.com/darulfh/skuy_pay_be/usecase/auth/user_auth_usecase.go:58.16,60.3 1 0
github.com/darulfh/skuy_pay_be/usecase/auth/user_auth_usecase.go:62.2,69.18 2 0
github.com/darulfh/skuy_pay_be/usecase/auth/user_auth_usecase.go:72.85,76.25 2 1
github.com/darulfh/skuy_pay_be/usecase/auth/user_auth_usecase.go:76.25,78.3 1 1
github.com/darulfh/skuy_pay_be/usecase/auth/user_auth_usecase.go:80.2,80.28 1 1
github.com/darulfh/skuy_pay_be/usecase/auth/user_auth_usecase.go:80.28,83.3 1 1
github.com/darulfh/skuy_pay_be/usecase/auth/user_auth_usecase.go:84.2,85.16 2 1
github.com/darulfh/skuy_pay_be/usecase/auth/user_auth_usecase.go:85.16,87.3 1 1
github.com/darulfh/skuy_pay_be/usecase/auth/user_auth_usecase.go:89.2,89.56 1 1
github.com/darulfh/skuy_pay_be/usecase/auth/user_auth_usecase.go:89.56,91.3 1 1
github.com/darulfh/skuy_pay_be/usecase/auth/user_auth_usecase.go:93.2,94.16 2 1
github.com/darulfh/skuy_pay_be/usecase/auth/user_auth_usecase.go:94.16,96.3 1 0
github.com/darulfh/skuy_pay_be/usecase/auth/user_auth_usecase.go:98.2,105.18 2 1
github.com/darulfh/skuy_pay_be/usecase/auth/user_auth_usecase.go:108.93,118.47 2 1
github.com/darulfh/skuy_pay_be/usecase/auth/user_auth_usecase.go:118.47,120.3 1 1
github.com/darulfh/skuy_pay_be/usecase/auth/user_auth_usecase.go:122.2,133.16 4 0
github.com/darulfh/skuy_pay_be/usecase/auth/user_auth_usecase.go:133.16,135.3 1 0
github.com/darulfh/skuy_pay_be/usecase/auth/user_auth_usecase.go:137.2,138.16 2 0
github.com/darulfh/skuy_pay_be/usecase/auth/user_auth_usecase.go:138.16,140.3 1 0
github.com/darulfh/skuy_pay_be/usecase/auth/user_auth_usecase.go:142.2,149.18 2 0
github.com/darulfh/skuy_pay_be/usecase/auth/user_auth_usecase.go:152.68,155.2 2 1
github.com/darulfh/skuy_pay_be/usecase/auth/user_auth_usecase.go:157.52,159.16 2 1
github.com/darulfh/skuy_pay_be/usecase/auth/user_auth_usecase.go:159.16,161.3 1 0
github.com/darulfh/skuy_pay_be/usecase/auth/user_auth_usecase.go:162.2,162.36 1 1
github.com/darulfh/skuy_pay_be/usecase/wifi/wifi_usecase.go:35.280,43.2 1 1
github.com/darulfh/skuy_pay_be/usecase/wifi/wifi_usecase.go:45.84,47.16 2 1
github.com/darulfh/skuy_pay_be/usecase/wifi/wifi_usecase.go:47.16,49.3 1 1
github.com/darulfh/skuy_pay_be/usecase/wifi/wifi_usecase.go:50.2,50.18 1 1
github.com/darulfh/skuy_pay_be/usecase/wifi/wifi_usecase.go:53.82,55.16 2 1
github.com/darulfh/skuy_pay_be/usecase/wifi/wifi_usecase.go:55.16,57.3 1 1
github.com/darulfh/skuy_pay_be/usecase/wifi/wifi_usecase.go:58.2,58.19 1 1
github.com/darulfh/skuy_pay_be/usecase/wifi/wifi_usecase.go:61.79,63.16 2 1
github.com/darulfh/skuy_pay_be/usecase/wifi/wifi_usecase.go:63.16,65.3 1 1
github.com/darulfh/skuy_pay_be/usecase/wifi/wifi_usecase.go:66.2,66.18 1 1
github.com/darulfh/skuy_pay_be/usecase/wifi/wifi_usecase.go:69.83,71.16 2 1
github.com/darulfh/skuy_pay_be/usecase/wifi/wifi_usecase.go:71.16,73.3 1 1
github.com/darulfh/skuy_pay_be/usecase/wifi/wifi_usecase.go:74.2,74.18 1 1
github.com/darulfh/skuy_pay_be/usecase/wifi/wifi_usecase.go:77.103,79.16 2 1
github.com/darulfh/skuy_pay_be/usecase/wifi/wifi_usecase.go:79.16,81.3 1 1
github.com/darulfh/skuy_pay_be/usecase/wifi/wifi_usecase.go:83.2,89.16 6 1
github.com/darulfh/skuy_pay_be/usecase/wifi/wifi_usecase.go:89.16,91.3 1 0
github.com/darulfh/skuy_pay_be/usecase/wifi/wifi_usecase.go:93.2,93.25 1 1
github.com/darulfh/skuy_pay_be/usecase/wifi/wifi_usecase.go:96.67,98.16 2 1
github.com/darulfh/skuy_pay_be/usecase/wifi/wifi_usecase.go:98.16,100.3 1 1
github.com/darulfh/skuy_pay_be/usecase/wifi/wifi_usecase.go:101.2,101.12 1 1
github.com/darulfh/skuy_pay_be/usecase/wifi/wifi_usecase.go:104.118,107.22 2 1
github.com/darulfh/skuy_pay_be/usecase/wifi/wifi_usecase.go:107.22,109.3 1 1
github.com/darulfh/skuy_pay_be/usecase/wifi/wifi_usecase.go:111.2,122.16 9 1
github.com/darulfh/skuy_pay_be/usecase/wifi/wifi_usecase.go:122.16,124.3 1 1
github.com/darulfh/skuy_pay_be/usecase/wifi/wifi_usecase.go:126.2,131.16 2 1
github.com/darulfh/skuy_pay_be/usecase/wifi/wifi_usecase.go:131.16,132.53 1 1
github.com/darulfh/skuy_pay_be/usecase/wifi/wifi_usecase.go:132.53,134.4 1 1
github.com/darulfh/skuy_pay_be/usecase/wifi/wifi_usecase.go:135.3,135.26 1 1
github.com/darulfh/skuy_pay_be/usecase/wifi/wifi_usecase.go:135.26,137.4 1 1
github.com/darulfh/skuy_pay_be/usecase/wifi/wifi_usecase.go:140.2,141.16 2 1
github.com/darulfh/skuy_pay_be/usecase/wifi/wifi_usecase.go:141.16,143.3 1 1
github.com/darulfh/skuy_pay_be/usecase/wifi/wifi_usecase.go:145.2,146.16 2 0
github.com/darulfh/skuy_pay_be/usecase/wifi/wifi_usecase.go:146.16,148.3 1 0
github.com/darulfh/skuy_pay_be/usecase/wifi/wifi_usecase.go:150.2,183.16 9 0
github.com/darulfh/skuy_pay_be/usecase/wifi/wifi_usecase.go:183.16,185.3 1 0
github.com/darulfh/skuy_pay_be/usecase/wifi/wifi_usecase.go:187.2,187.25 1 0
github.com/darulfh/skuy_pay_be/usecase/wifi/wifi_usecase.go:190.114,192.16 2 1
github.com/darulfh/skuy_pay_be/usecase/wifi/wifi_usecase.go:192.16,194.3 1 1
github.com/darulfh/skuy_pay_be/usecase/wifi/wifi_usecase.go:194.8,194.58 1 1
github.com/darulfh/skuy_pay_be/usecase/wifi/wifi_usecase.go:194.58,196.3 1 1
github.com/darulfh/skuy_pay_be/usecase/wifi/wifi_usecase.go:198.2,199.16 2 1
github.com/darulfh/skuy_pay_be/usecase/wifi/wifi_usecase.go:199.16,201.3 1 1
github.com/darulfh/skuy_pay_be/usecase/wifi/wifi_usecase.go:203.2,203.42 1 1
github.com/darulfh/skuy_pay_be/usecase/wifi/wifi_usecase.go:203.42,210.17 3 0
github.com/darulfh/skuy_pay_be/usecase/wifi/wifi_usecase.go:210.17,212.4 1 0
github.com/darulfh/skuy_pay_be/usecase/wifi/wifi_usecase.go:214.3,214.55 1 0
github.com/darulfh/skuy_pay_be/usecase/wifi/wifi_usecase.go:216.2,219.16 3 1
github.com/darulfh/skuy_pay_be/usecase/wifi/wifi_usecase.go:219.16,221.3 1 1
github.com/darulfh/skuy_pay_be/usecase/wifi/wifi_usecase.go:223.2,229.16 3 0
github.com/darulfh/skuy_pay_be/usecase/wifi/wifi_usecase.go:229.16,231.3 1 0
github.com/darulfh/skuy_pay_be/usecase/wifi/wifi_usecase.go:233.2,260.29 4 0
github.com/darulfh/skuy_pay_be/usecase/wifi/wifi_usecase.go:263.110,265.16 2 1
github.com/darulfh/skuy_pay_be/usecase/wifi/wifi_usecase.go:265.16,267.3 1 1
github.com/darulfh/skuy_pay_be/usecase/wifi/wifi_usecase.go:268.2,268.18 1 1
github.com/darulfh/skuy_pay_be/usecase/wifi/wifi_usecase.go:271.42,276.30 4 1
github.com/darulfh/skuy_pay_be/usecase/wifi/wifi_usecase.go:276.30,278.3 1 1
github.com/darulfh/skuy_pay_be/usecase/wifi/wifi_usecase.go:280.2,280.25 1 1
github.com/darulfh/skuy_pay_be/usecase/wifi/wifi_usecase.go:283.52,286.9 2 1
github.com/darulfh/skuy_pay_be/usecase/wifi/wifi_usecase.go:287.23,288.24 1 1
github.com/darulfh/skuy_pay_be/usecase/wifi/wifi_usecase.go:289.23,290.24 1 1
github.com/darulfh/skuy_pay_be/usecase/wifi/wifi_usecase.go:291.23,292.24 1 1
github.com/darulfh/skuy_pay_be/usecase/wifi/wifi_usecase.go:293.10,294.24 1 1
github.com/darulfh/skuy_pay_be/usecase/wifi/wifi_usecase.go:297.2,297.19 1 1
github.com/darulfh/skuy_pay_be/usecase/users/user_usecase.go:39.132,44.2 1 1
github.com/darulfh/skuy_pay_be/usecase/users/user_usecase.go:46.104,49.16 2 1
github.com/darulfh/skuy_pay_be/usecase/users/user_usecase.go:49.16,51.3 1 1
github.com/darulfh/skuy_pay_be/usecase/users/user_usecase.go:53.2,54.29 2 1
github.com/darulfh/skuy_pay_be/usecase/users/user_usecase.go:54.29,65.3 1 1
github.com/darulfh/skuy_pay_be/usecase/users/user_usecase.go:67.2,67.18 1 1
github.com/darulfh/skuy_pay_be/usecase/users/user_usecase.go:70.87,73.16 2 1
github.com/darulfh/skuy_pay_be/usecase/users/user_usecase.go:73.16,75.3 1 0
github.com/darulfh/skuy_pay_be/usecase/users/user_usecase.go:77.2,89.18 2 1
github.com/darulfh/skuy_pay_be/usecase/users/user_usecase.go:92.89,94.16 2 1
github.com/darulfh/skuy_pay_be/usecase/users/user_usecase.go:94.16,96.3 1 0
github.com/darulfh/skuy_pay_be/usecase/users/user_usecase.go:98.2,109.18 2 1
github.com/darulfh/skuy_pay_be/usecase/users/user_usecase.go:111.116,114.16 2 1
github.com/darulfh/skuy_pay_be/usecase/users/user_usecase.go:114.16,116.3 1 0
github.com/darulfh/skuy_pay_be/usecase/users/user_usecase.go:117.2,121.16 4 1
github.com/darulfh/skuy_pay_be/usecase/users/user_usecase.go:121.16,123.3 1 0
github.com/darulfh/skuy_pay_be/usecase/users/user_usecase.go:125.2,131.18 2 1
github.com/darulfh/skuy_pay_be/usecase/users/user_usecase.go:134.111,144.16 3 1
github.com/darulfh/skuy_pay_be/usecase/users/user_usecase.go:144.16,146.3 1 0
github.com/darulfh/skuy_pay_be/usecase/users/user_usecase.go:148.2,155.16 7 1
github.com/darulfh/skuy_pay_be/usecase/users/user_usecase.go:155.16,157.3 1 0
github.com/darulfh/skuy_pay_be/usecase/users/user_usecase.go:159.2,168.18 2 1
github.com/darulfh/skuy_pay_be/usecase/users/user_usecase.go:171.67,173.16 2 1
github.com/darulfh/skuy_pay_be/usecase/users/user_usecase.go:173.16,175.3 1 0
github.com/darulfh/skuy_pay_be/usecase/users/user_usecase.go:176.2,176.12 1 1
github.com/darulfh/skuy_pay_be/usecase/users/user_usecase.go:179.89,181.16 2 1
github.com/darulfh/skuy_pay_be/usecase/users/user_usecase.go:181.16,183.3 1 0
github.com/darulfh/skuy_pay_be/usecase/users/user_usecase.go:185.2,185.61 1 1
github.com/darulfh/skuy_pay_be/usecase/users/user_usecase.go:185.61,187.3 1 0
github.com/darulfh/skuy_pay_be/usecase/users/user_usecase.go:189.2,189.63 1 1
github.com/darulfh/skuy_pay_be/usecase/users/user_usecase.go:189.63,191.3 1 0
github.com/darulfh/skuy_pay_be/usecase/users/user_usecase.go:193.2,199.16 5 1
github.com/darulfh/skuy_pay_be/usecase/users/user_usecase.go:199.16,201.3 1 0
github.com/darulfh/skuy_pay_be/usecase/users/user_usecase.go:203.2,203.12 1 1
github.com/darulfh/skuy_pay_be/usecase/users/user_usecase.go:206.79,208.16 2 1
github.com/darulfh/skuy_pay_be/usecase/users/user_usecase.go:208.16,210.3 1 0
github.com/darulfh/skuy_pay_be/usecase/users/user_usecase.go:212.2,212.20 1 1
github.com/darulfh/skuy_pay_be/usecase/users/user_usecase.go:212.20,214.3 1 0
github.com/darulfh/skuy_pay_be/usecase/users/user_usecase.go:216.2,221.16 5 1
github.com/darulfh/skuy_pay_be/usecase/users/user_usecase.go:221.16,223.3 1 0
github.com/darulfh/skuy_pay_be/usecase/users/user_usecase.go:225.2,225.12 1 1
github.com/darulfh/skuy_pay_be/usecase/users/user_usecase.go:228.79,230.16 2 1
github.com/darulfh/skuy_pay_be/usecase/users/user_usecase.go:230.16,232.3 1 1
github.com/darulfh/skuy_pay_be/usecase/users/user_usecase.go:234.2,234.44 1 1
github.com/darulfh/skuy_pay_be/usecase/users/user_usecase.go:234.44,236.3 1 1
github.com/darulfh/skuy_pay_be/usecase/users/user_usecase.go:237.2,237.46 1 1
github.com/darulfh/skuy_pay_be/usecase/users/user_usecase.go:237.46,239.3 1 1
github.com/darulfh/skuy_pay_be/usecase/users/user_usecase.go:241.2,246.16 5 1
github.com/darulfh/skuy_pay_be/usecase/users/user_usecase.go:246.16,248.3 1 1
github.com/darulfh/skuy_pay_be/usecase/users/user_usecase.go:250.2,250.12 1 1
github.com/darulfh/skuy_pay_be/usecase/users/user_usecase.go:253.78,255.16 2 1
github.com/darulfh/skuy_pay_be/usecase/users/user_usecase.go:255.16,257.3 1 1
github.com/darulfh/skuy_pay_be/usecase/users/user_usecase.go:259.2,259.44 1 1
github.com/darulfh/skuy_pay_be/usecase/users/user_usecase.go:259.44,261.3 1 1
github.com/darulfh/skuy_pay_be/usecase/users/user_usecase.go:263.2,263.12 1 1
github.com/darulfh/skuy_pay_be/usecase/users/user_usecase.go:266.125,268.16 2 0
github.com/darulfh/skuy_pay_be/usecase/users/user_usecase.go:268.16,270.3 1 0
github.com/darulfh/skuy_pay_be/usecase/users/user_usecase.go:271.2,272.16 2 0
github.com/darulfh/skuy_pay_be/usecase/users/user_usecase.go:272.16,274.3 1 0
github.com/darulfh/skuy_pay_be/usecase/users/user_usecase.go:275.2,275.39 1 0
github.com/darulfh/skuy_pay_be/usecase/users/user_usecase.go:275.39,277.3 1 0
github.com/darulfh/skuy_pay_be/usecase/users/user_usecase.go:278.2,292.16 4 0
github.com/darulfh/skuy_pay_be/usecase/users/user_usecase.go:292.16,294.3 1 0
github.com/darulfh/skuy_pay_be/usecase/users/user_usecase.go:296.2,299.16 3 0
github.com/darulfh/skuy_pay_be/usecase/users/user_usecase.go:299.16,301.3 1 0
github.com/darulfh/skuy_pay_be/usecase/users/user_usecase.go:303.2,306.16 3 0
github.com/darulfh/skuy_pay_be/usecase/users/user_usecase.go:306.16,308.3 1 0
github.com/darulfh/skuy_pay_be/usecase/users/user_usecase.go:309.2,309.22 1 0
github.com/darulfh/skuy_pay_be/usecase/users/user_usecase.go:312.118,314.16 2 1
github.com/darulfh/skuy_pay_be/usecase/users/user_usecase.go:314.16,316.3 1 1
github.com/darulfh/skuy_pay_be/usecase/users/user_usecase.go:318.2,324.16 5 1
github.com/darulfh/skuy_pay_be/usecase/users/user_usecase.go:324.16,326.3 1 1
github.com/darulfh/skuy_pay_be/usecase/users/user_usecase.go:328.2,329.16 2 1
github.com/darulfh/skuy_pay_be/usecase/users/user_usecase.go:329.16,331.3 1 0
github.com/darulfh/skuy_pay_be/usecase/users/user_usecase.go:333.2,340.18 2 1
github.com/darulfh/skuy_pay_be/usecase/users/user_usecase.go:343.100,345.16 2 1
github.com/darulfh/skuy_pay_be/usecase/users/user_usecase.go:345.16,347.3 1 0
github.com/darulfh/skuy_pay_be/usecase/users/user_usecase.go:349.2,349.19 1 1
github.com/darulfh/skuy_pay_be/usecase/users/user_usecase.go:352.54,355.2 2 1
github.com/darulfh/skuy_pay_be/usecase/users/user_usecase.go:357.33,359.16 2 1
github.com/darulfh/skuy_pay_be/usecase/users/user_usecase.go:359.16,361.3 1 0
github.com/darulfh/skuy_pay_be/usecase/users/user_usecase.go:362.2,362.26 1 1
